20:14:45.117 [Projet3 v0.1] DEBUG main.java.view.MainFrame - Le contenu de la fenêtre a été initalisée
22:11:13.360 [Projet3 v0.1] DEBUG main.java.view.MainFrame - Le contenu de la fenêtre a été initalisée
22:25:28.983 [Projet3 v0.1] DEBUG main.java.view.MainFrame - Le contenu de la fenêtre a été initalisée
22:25:56.497 [Projet3 v0.1] DEBUG main.java.view.MainFrame - Le contenu de la fenêtre a été initalisée
22:32:09.261 [Projet3 v0.1] INFO  main.java.view.PopUpCfg - On passe ici !
22:33:13.147 [Projet3 v0.1] DEBUG main.java.view.MainFrame - Le contenu de la fenêtre a été initalisée
22:33:30.131 [Projet3 v0.1] DEBUG main.java.view.MainFrame - Le contenu de la fenêtre a été initalisée
22:39:07.849 [Projet3 v0.1] DEBUG main.java.view.MainFrame - Le contenu de la fenêtre a été initalisée
22:44:51.405 [Projet3 v0.1] DEBUG main.java.view.MainFrame - Le contenu de la fenêtre a été initalisée
22:46:10.588 [Projet3 v0.1] DEBUG main.java.view.MainFrame - Le contenu de la fenêtre a été initalisée
22:49:23.404 [Projet3 v0.1] INFO  main.java.view.PopUpCfg - On passe ici !
22:57:58.629 [Projet3 v0.1] DEBUG main.java.view.MainFrame - Le contenu de la fenêtre a été initalisée
23:07:48.632 [Projet3 v0.1] DEBUG main.java.view.MainFrame - Le contenu de la fenêtre a été initalisée
23:08:10.949 [Projet3 v0.1] INFO  main.java.view.PopUpCfg - On passe ici !
23:08:43.595 [Projet3 v0.1] DEBUG main.java.view.MainFrame - Le contenu de la fenêtre a été initalisée
23:09:07.654 [Projet3 v0.1] DEBUG main.java.view.MainFrame - Le contenu de la fenêtre a été initalisée
23:12:11.403 [Projet3 v0.1] INFO  main.java.view.PopUpCfg - On passe ici !
23:13:32.477 [Projet3 v0.1] DEBUG main.java.view.MainFrame - Le contenu de la fenêtre a été initalisée
23:14:14.540 [Projet3 v0.1] INFO  main.java.view.PopUpCfg - On passe ici !
09:30:46.400 [Projet3 v0.1] DEBUG main.java.view.MainFrame - Le contenu de la fenêtre a été initalisée
09:31:59.767 [Projet3 v0.1] DEBUG main.java.view.MainFrame - Le contenu de la fenêtre a été initalisée
09:33:50.204 [Projet3 v0.1] DEBUG main.java.view.MainFrame - Le contenu de la fenêtre a été initalisée
09:52:41.229 [Projet3 v0.1] DEBUG main.java.view.MainFrame - Le contenu de la fenêtre a été initalisée
09:53:16.087 [Projet3 v0.1] INFO  main.java.view.PopUpCfg - On passe ici !
14:33:35.003 [Projet3 v0.1] DEBUG main.java.view.MainFrame - Le contenu de la fenêtre a été initalisée
14:34:21.000 [Projet3 v0.1] DEBUG main.java.view.MainFrame - Le contenu de la fenêtre a été initalisée
14:45:11.750 [Projet3 v0.1] DEBUG main.java.view.MainFrame - Le contenu de la fenêtre a été initalisée
14:51:49.639 [Projet3 v0.1] DEBUG main.java.view.MainFrame - Le contenu de la fenêtre a été initalisée
14:52:43.154 [Projet3 v0.1] DEBUG main.java.view.MainFrame - Le contenu de la fenêtre a été initalisée
14:53:47.654 [Projet3 v0.1] DEBUG main.java.view.MainFrame - Le contenu de la fenêtre a été initalisée
14:54:09.363 [Projet3 v0.1] DEBUG main.java.view.MainFrame - recuperation des clés/values dasn config.properties
14:54:09.567 [Projet3 v0.1] DEBUG main.java.view.MainFrame - Le contenu de la fenêtre a été initalisée
14:55:40.874 [Projet3 v0.1] DEBUG main.java.view.MainFrame - recuperation des clés/values dans config.properties
14:55:41.057 [Projet3 v0.1] DEBUG main.java.view.MainFrame - Le contenu de la fenêtre a été initalisée
14:58:21.675 [Projet3 v0.1] DEBUG main.java.view.MainFrame - recuperation des clés/values dans config.properties
14:58:21.860 [Projet3 v0.1] DEBUG main.java.view.MainFrame - Le contenu de la fenêtre a été initalisée
14:59:01.839 [Projet3 v0.1] INFO  main.java.view.PopUpCfg - On passe ici !
14:59:32.438 [Projet3 v0.1] DEBUG main.java.view.MainFrame - recuperation des clés/values dans config.properties
14:59:32.603 [Projet3 v0.1] DEBUG main.java.view.MainFrame - Le contenu de la fenêtre a été initalisée
14:59:45.997 [Projet3 v0.1] INFO  main.java.view.PopUpCfg - On passe ici !
15:01:41.558 [Projet3 v0.1] DEBUG main.java.view.MainFrame - recuperation des clés/values dans config.properties
15:01:41.737 [Projet3 v0.1] DEBUG main.java.view.MainFrame - Le contenu de la fenêtre a été initalisée
15:01:51.716 [Projet3 v0.1] INFO  main.java.view.PopUpCfg - On passe ici !
15:03:18.627 [Projet3 v0.1] DEBUG main.java.view.MainFrame - recuperation des clés/values dans config.properties
15:03:18.814 [Projet3 v0.1] DEBUG main.java.view.MainFrame - Le contenu de la fenêtre a été initalisée
15:03:24.800 [Projet3 v0.1] INFO  main.java.view.PopUpCfg - On passe ici !
15:03:54.793 [Projet3 v0.1] DEBUG main.java.view.MainFrame - recuperation des clés/values dans config.properties
15:03:54.983 [Projet3 v0.1] DEBUG main.java.view.MainFrame - Le contenu de la fenêtre a été initalisée
15:03:59.620 [Projet3 v0.1] INFO  main.java.view.PopUpCfg - On passe ici !
15:04:11.491 [Projet3 v0.1] DEBUG main.java.view.MainFrame - recuperation des clés/values dans config.properties
15:04:11.679 [Projet3 v0.1] DEBUG main.java.view.MainFrame - Le contenu de la fenêtre a été initalisée
15:04:23.103 [Projet3 v0.1] INFO  main.java.view.PopUpCfg - On passe ici !
15:43:58.757 [Projet3 v0.1] DEBUG main.java.view.MainFrame - recuperation des clés/values dans config.properties
15:43:58.935 [Projet3 v0.1] DEBUG main.java.view.MainFrame - Le contenu de la fenêtre a été initalisée
15:44:11.589 [Projet3 v0.1] INFO  main.java.view.PopUpCfg - cliqué sur ok 
16:00:27.196 [Projet3 v0.1] DEBUG main.java.view.MainFrame - recuperation des clés/values dans config.properties
16:00:27.329 [Projet3 v0.1] DEBUG main.java.view.MainFrame - Le contenu de la fenêtre a été initalisée
16:01:16.818 [Projet3 v0.1] INFO  main.java.view.PopUpCfg - cliqué sur ok 
16:01:31.438 [Projet3 v0.1] DEBUG main.java.view.MainFrame - recuperation des clés/values dans config.properties
16:01:31.633 [Projet3 v0.1] DEBUG main.java.view.MainFrame - Le contenu de la fenêtre a été initalisée
16:01:42.133 [Projet3 v0.1] INFO  main.java.view.PopUpCfg - cliqué sur ok 
16:01:58.808 [Projet3 v0.1] DEBUG main.java.view.MainFrame - recuperation des clés/values dans config.properties
16:01:58.968 [Projet3 v0.1] DEBUG main.java.view.MainFrame - Le contenu de la fenêtre a été initalisée
16:02:07.200 [Projet3 v0.1] INFO  main.java.view.PopUpCfg - cliqué sur ok 
16:03:40.026 [Projet3 v0.1] DEBUG main.java.view.MainFrame - recuperation des clés/values dans config.properties
16:03:40.227 [Projet3 v0.1] DEBUG main.java.view.MainFrame - Le contenu de la fenêtre a été initalisée
16:03:43.932 [Projet3 v0.1] INFO  main.java.view.PopUpCfg - cliqué sur ok 
16:03:59.430 [Projet3 v0.1] DEBUG main.java.view.MainFrame - recuperation des clés/values dans config.properties
16:03:59.616 [Projet3 v0.1] DEBUG main.java.view.MainFrame - Le contenu de la fenêtre a été initalisée
16:04:30.456 [Projet3 v0.1] INFO  main.java.view.PopUpCfg - cliqué sur ok 
16:16:20.087 [Projet3 v0.1] DEBUG main.java.view.MainFrame - recuperation des clés/values dans config.properties
16:16:20.284 [Projet3 v0.1] DEBUG main.java.view.MainFrame - Le contenu de la fenêtre a été initalisée
16:16:27.620 [Projet3 v0.1] INFO  main.java.view.PopUpCfg - cliqué sur ok 
16:34:40.076 [Projet3 v0.1] DEBUG main.java.view.MainFrame - recuperation des clés/values dans config.properties
16:34:40.216 [Projet3 v0.1] DEBUG main.java.view.MainFrame - Le contenu de la fenêtre a été initalisée
16:37:02.560 [Projet3 v0.1] DEBUG main.java.view.MainFrame - recuperation des clés/values dans config.properties
16:37:02.698 [Projet3 v0.1] DEBUG main.java.view.MainFrame - Le contenu de la fenêtre a été initalisée
16:44:14.101 [Projet3 v0.1] DEBUG main.java.view.MainFrame - recuperation des clés/values dans config.properties
16:44:14.304 [Projet3 v0.1] DEBUG main.java.view.MainFrame - Le contenu de la fenêtre a été initalisée
16:46:12.043 [Projet3 v0.1] DEBUG main.java.view.MainFrame - recuperation des clés/values dans config.properties
16:46:12.220 [Projet3 v0.1] DEBUG main.java.view.MainFrame - Le contenu de la fenêtre a été initalisée
16:47:18.590 [Projet3 v0.1] DEBUG main.java.view.MainFrame - recuperation des clés/values dans config.properties
16:47:18.768 [Projet3 v0.1] DEBUG main.java.view.MainFrame - Le contenu de la fenêtre a été initalisée
16:49:13.321 [Projet3 v0.1] DEBUG main.java.view.MainFrame - recuperation des clés/values dans config.properties
16:49:13.465 [Projet3 v0.1] DEBUG main.java.view.MainFrame - Le contenu de la fenêtre a été initalisée
18:38:22.292 [Projet3 v0.1] DEBUG main.java.view.MainFrame - recuperation des clés/values dans config.properties
18:38:22.461 [Projet3 v0.1] DEBUG main.java.view.MainFrame - Le contenu de la fenêtre a été initalisée
13:25:28.116 [Projet3 v0.1] DEBUG main.java.view.MainFrame - recuperation des clés/values dans config.properties
13:25:28.377 [Projet3 v0.1] DEBUG main.java.view.MainFrame - Le contenu de la fenêtre a été initalisée
13:25:55.117 [Projet3 v0.1] INFO  main.java.view.PopUpCfg - cliqué sur ok 
13:26:26.263 [Projet3 v0.1] DEBUG main.java.view.MainFrame - recuperation des clés/values dans config.properties
13:26:26.373 [Projet3 v0.1] DEBUG main.java.view.MainFrame - Le contenu de la fenêtre a été initalisée
19:40:02.055 [Projet3 v0.1] DEBUG main.java.view.MainFrame - recuperation des clés/values dans config.properties
19:40:02.446 [Projet3 v0.1] DEBUG main.java.view.MainFrame - Le contenu de la fenêtre a été initalisée
19:41:21.577 [Projet3 v0.1] DEBUG main.java.view.MainFrame - recuperation des clés/values dans config.properties
19:41:21.715 [Projet3 v0.1] DEBUG main.java.view.MainFrame - Le contenu de la fenêtre a été initalisée
19:41:36.025 [Projet3 v0.1] INFO  main.java.view.PopUpCfg - cliqué sur ok 
19:43:06.955 [Projet3 v0.1] DEBUG main.java.view.MainFrame - recuperation des clés/values dans config.properties
19:43:07.198 [Projet3 v0.1] DEBUG main.java.view.MainFrame - Le contenu de la fenêtre a été initalisée
19:44:27.089 [Projet3 v0.1] DEBUG main.java.view.MainFrame - recuperation des clés/values dans config.properties
19:44:27.246 [Projet3 v0.1] DEBUG main.java.view.MainFrame - Le contenu de la fenêtre a été initalisée
19:44:31.262 [Projet3 v0.1] INFO  main.java.view.PopUpCfg - cliqué sur ok 
19:44:39.256 [Projet3 v0.1] INFO  main.java.view.PopUpCfg - cliqué sur ok 
19:45:01.609 [Projet3 v0.1] INFO  main.java.view.PopUpCfg - cliqué sur ok 
19:46:38.995 [Projet3 v0.1] INFO  main.java.view.PopUpCfg - cliqué sur ok 
16:07:01.765 [Projet3 v0.1] DEBUG main.java.view.MainFrame - recuperation des clés/values dans config.properties
16:07:02.121 [Projet3 v0.1] DEBUG main.java.view.MainFrame - Le contenu de la fenêtre a été initalisée
16:08:57.834 [Projet3 v0.1] DEBUG main.java.view.MainFrame - recuperation des clés/values dans config.properties
16:08:58.014 [Projet3 v0.1] DEBUG main.java.view.MainFrame - Le contenu de la fenêtre a été initalisée
16:09:27.562 [Projet3 v0.1] DEBUG main.java.view.MainFrame - recuperation des clés/values dans config.properties
16:09:27.742 [Projet3 v0.1] DEBUG main.java.view.MainFrame - Le contenu de la fenêtre a été initalisée
16:10:07.540 [Projet3 v0.1] DEBUG main.java.view.MainFrame - recuperation des clés/values dans config.properties
16:10:07.698 [Projet3 v0.1] DEBUG main.java.view.MainFrame - Le contenu de la fenêtre a été initalisée
10:01:59.539 [Projet3 v0.1] DEBUG main.java.view.MainFrame - recuperation des clés/values dans config.properties
10:01:59.818 [Projet3 v0.1] DEBUG main.java.view.MainFrame - Le contenu de la fenêtre a été initalisée
10:02:31.121 [Projet3 v0.1] DEBUG main.java.view.MainFrame - recuperation des clés/values dans config.properties
10:02:31.266 [Projet3 v0.1] DEBUG main.java.view.MainFrame - Le contenu de la fenêtre a été initalisée
10:04:16.888 [Projet3 v0.1] DEBUG main.java.view.MainFrame - recuperation des clés/values dans config.properties
10:04:17.034 [Projet3 v0.1] DEBUG main.java.view.MainFrame - Le contenu de la fenêtre a été initalisée
10:04:21.187 [Projet3 v0.1] INFO  main.java.view.PopUpCfg - cliqué sur ok 
10:05:08.299 [Projet3 v0.1] DEBUG main.java.view.MainFrame - recuperation des clés/values dans config.properties
10:05:08.474 [Projet3 v0.1] DEBUG main.java.view.MainFrame - Le contenu de la fenêtre a été initalisée
10:08:20.961 [Projet3 v0.1] DEBUG main.java.view.MainFrame - recuperation des clés/values dans config.properties
10:08:21.135 [Projet3 v0.1] DEBUG main.java.view.MainFrame - Le contenu de la fenêtre a été initalisée
10:09:48.760 [Projet3 v0.1] DEBUG main.java.view.MainFrame - recuperation des clés/values dans config.properties
10:09:48.899 [Projet3 v0.1] DEBUG main.java.view.MainFrame - Le contenu de la fenêtre a été initalisée
11:20:58.512 [Projet3 v0.1] DEBUG main.java.view.MainFrame - recuperation des clés/values dans config.properties
11:20:58.663 [Projet3 v0.1] DEBUG main.java.view.MainFrame - Le contenu de la fenêtre a été initalisée
11:22:57.297 [Projet3 v0.1] DEBUG main.java.view.MainFrame - recuperation des clés/values dans config.properties
11:23:19.244 [Projet3 v0.1] DEBUG main.java.view.MainFrame - recuperation des clés/values dans config.properties
11:23:19.281 [Projet3 v0.1] DEBUG main.java.view.MainFrame - Le contenu de la fenêtre a été initalisée
11:25:28.878 [Projet3 v0.1] DEBUG main.java.view.MainFrame - recuperation des clés/values dans config.properties
11:25:28.920 [Projet3 v0.1] DEBUG main.java.view.MainFrame - Le contenu de la fenêtre a été initalisée
11:25:36.127 [Projet3 v0.1] INFO  main.java.view.PopUpCfg - cliqué sur ok 
11:26:27.072 [Projet3 v0.1] DEBUG main.java.view.MainFrame - recuperation des clés/values dans config.properties
11:26:27.119 [Projet3 v0.1] DEBUG main.java.view.MainFrame - Le contenu de la fenêtre a été initalisée
11:27:02.608 [Projet3 v0.1] DEBUG main.java.view.MainFrame - recuperation des clés/values dans config.properties
11:27:02.659 [Projet3 v0.1] DEBUG main.java.view.MainFrame - Le contenu de la fenêtre a été initalisée
11:31:07.977 [Projet3 v0.1] DEBUG main.java.view.MainFrame - recuperation des clés/values dans config.properties
11:31:08.022 [Projet3 v0.1] DEBUG main.java.view.MainFrame - Le contenu de la fenêtre a été initalisée
11:32:28.324 [Projet3 v0.1] DEBUG main.java.view.MainFrame - recuperation des clés/values dans config.properties
11:32:28.361 [Projet3 v0.1] DEBUG main.java.view.MainFrame - Le contenu de la fenêtre a été initalisée
11:33:12.896 [Projet3 v0.1] DEBUG main.java.view.MainFrame - recuperation des clés/values dans config.properties
11:33:12.939 [Projet3 v0.1] DEBUG main.java.view.MainFrame - Le contenu de la fenêtre a été initalisée
11:33:36.960 [Projet3 v0.1] DEBUG main.java.view.MainFrame - recuperation des clés/values dans config.properties
11:33:36.996 [Projet3 v0.1] DEBUG main.java.view.MainFrame - Le contenu de la fenêtre a été initalisée
18:02:23.157 [Projet3 v0.1] DEBUG main.java.model.Configuration - recuperation des clés/values dans config.properties : true 10 10 6 6 6
18:02:23.280 [Projet3 v0.1] DEBUG main.java.view.MainFrame - Le contenu de la fenêtre a été initalisée
18:05:58.261 [Projet3 v0.1] DEBUG main.java.model.Configuration - recuperation des clés/values dans config.properties : true 10 10 6 6 6
18:05:58.303 [Projet3 v0.1] DEBUG main.java.view.MainFrame - Le contenu de la fenêtre a été initalisée
18:07:47.799 [Projet3 v0.1] DEBUG main.java.model.Configuration - recuperation des clés/values dans config.properties : true 10 10 6 6 6
18:07:47.845 [Projet3 v0.1] DEBUG main.java.view.MainFrame - Le contenu de la fenêtre a été initalisée
18:10:20.001 [Projet3 v0.1] DEBUG main.java.model.Configuration - recuperation des clés/values dans config.properties : true 10 10 6 6 6
18:13:07.859 [Projet3 v0.1] DEBUG main.java.view.MainFrame - Le contenu de la fenêtre a été initalisée
10:15:19.200 [Projet3 v0.1] DEBUG main.java.model.Configuration - recuperation des clés/values dans config.properties : true 10 10 6 6 6
10:15:19.269 [Projet3 v0.1] DEBUG main.java.view.MainFrame - Le contenu de la fenêtre a été initalisée
10:16:13.654 [Projet3 v0.1] DEBUG main.java.model.Configuration - recuperation des clés/values dans config.properties : true 10 10 6 6 6
10:16:32.632 [Projet3 v0.1] DEBUG main.java.view.MainFrame - Le contenu de la fenêtre a été initalisée
10:18:19.121 [Projet3 v0.1] DEBUG main.java.model.Configuration - recuperation des clés/values dans config.properties : true 10 10 6 6 6
10:18:24.352 [Projet3 v0.1] DEBUG main.java.view.MainFrame - Le contenu de la fenêtre a été initalisée
10:20:03.639 [Projet3 v0.1] DEBUG main.java.model.Configuration - recuperation des clés/values dans config.properties : true 10 10 6 6 6
10:20:07.165 [Projet3 v0.1] DEBUG main.java.model.Configuration - recuperation des clés/values dans config.properties : true 10 10 6 6 6
10:20:07.204 [Projet3 v0.1] DEBUG main.java.view.MainFrame - Le contenu de la fenêtre a été initalisée
10:20:21.346 [Projet3 v0.1] DEBUG main.java.model.Configuration - recuperation des clés/values dans config.properties : true 10 10 6 6 6
10:20:30.980 [Projet3 v0.1] DEBUG main.java.view.MainFrame - Le contenu de la fenêtre a été initalisée
10:24:18.724 [Projet3 v0.1] DEBUG main.java.model.Configuration - recuperation des clés/values dans config.properties : true 10 10 6 6 6
10:24:22.841 [Projet3 v0.1] DEBUG main.java.view.MainFrame - Le contenu de la fenêtre a été initalisée
10:26:39.260 [Projet3 v0.1] DEBUG main.java.model.Configuration - recuperation des clés/values dans config.properties : true 10 10 6 6 6
10:26:45.717 [Projet3 v0.1] DEBUG main.java.view.MainFrame - Le contenu de la fenêtre a été initalisée
10:27:50.572 [Projet3 v0.1] INFO  main.java.view.PopUpCfg - cliqué sur ok 
10:32:24.468 [Projet3 v0.1] DEBUG main.java.model.Configuration - recuperation des clés/values dans config.properties : true 10 10 6 6 6
10:32:24.503 [Projet3 v0.1] DEBUG main.java.view.MainFrame - Le contenu de la fenêtre a été initalisée
10:32:34.911 [Projet3 v0.1] INFO  main.java.view.PopUpCfg - cliqué sur ok 
10:33:20.798 [Projet3 v0.1] DEBUG main.java.model.Configuration - recuperation des clés/values dans config.properties : true 10 10 6 6 6
10:33:20.837 [Projet3 v0.1] DEBUG main.java.view.MainFrame - Le contenu de la fenêtre a été initalisée
10:33:29.998 [Projet3 v0.1] INFO  main.java.view.PopUpCfg - cliqué sur ok 
10:43:33.954 [Projet3 v0.1] DEBUG main.java.model.Configuration - recuperation des clés/values dans config.properties : true 10 10 6 6 6
10:43:33.993 [Projet3 v0.1] DEBUG main.java.view.MainFrame - Le contenu de la fenêtre a été initalisée
10:43:36.333 [Projet3 v0.1] DEBUG main.java.view.MainFrame - configuration : Configuration [tourPlusMoins=10, tourMast=10, combiPlusMoins=6, combiMast=6, couleurMast=6, devMod=true, devModEnJeu=false]
10:43:42.340 [Projet3 v0.1] INFO  main.java.view.PopUpCfg - cliqué sur ok 
10:43:42.350 [Projet3 v0.1] DEBUG main.java.view.MainFrame - configuration : Configuration [tourPlusMoins=20, tourMast=10, combiPlusMoins=10, combiMast=6, couleurMast=6, devMod=false, devModEnJeu=false]
11:05:10.353 [Projet3 v0.1] DEBUG main.java.model.Configuration - recuperation des clés/values dans config.properties : true 10 10 6 6 6
11:05:10.401 [Projet3 v0.1] DEBUG main.java.view.MainFrame - Le contenu de la fenêtre a été initalisée
11:05:13.433 [Projet3 v0.1] DEBUG main.java.view.MainFrame - configuration : Configuration [tourPlusMoins=10, tourMast=10, combiPlusMoins=6, combiMast=6, couleurMast=6, devMod=true, devModEnJeu=false]
11:05:37.160 [Projet3 v0.1] INFO  main.java.view.PopUpCfg - cliqué sur ok 
11:05:37.166 [Projet3 v0.1] DEBUG main.java.view.MainFrame - configuration : Configuration [tourPlusMoins=9, tourMast=9, combiPlusMoins=9, combiMast=9, couleurMast=9, devMod=true, devModEnJeu=true]
11:41:56.191 [Projet3 v0.1] DEBUG main.java.model.Configuration - recuperation des clés/values dans config.properties : true 10 10 6 6 6
11:41:56.223 [Projet3 v0.1] DEBUG main.java.view.MainFrame - Le contenu de la fenêtre a été initalisée
16:53:14.511 [Projet3 v0.1] DEBUG main.java.model.Configuration - recuperation des clés/values dans config.properties : true 10 10 6 6 6
16:53:14.620 [Projet3 v0.1] DEBUG main.java.view.MainFrame - Le contenu de la fenêtre a été initalisée
16:54:57.719 [Projet3 v0.1] DEBUG main.java.model.Configuration - recuperation des clés/values dans config.properties : true 10 10 6 6 6
16:54:57.750 [Projet3 v0.1] DEBUG main.java.view.MainFrame - Le contenu de la fenêtre a été initalisée
17:00:57.654 [Projet3 v0.1] DEBUG main.java.model.Configuration - recuperation des clés/values dans config.properties : true 10 10 6 6 6
17:00:57.685 [Projet3 v0.1] DEBUG main.java.view.MainFrame - Le contenu de la fenêtre a été initalisée
17:01:04.835 [Projet3 v0.1] DEBUG test.ModelGamePanel -       
16:23:49.643 [Projet3 v0.1] DEBUG main.java.model.Configuration - recuperation des clés/values dans config.properties : true 10 10 6 6 6
16:23:49.811 [Projet3 v0.1] DEBUG main.java.view.MainFrame - Le contenu de la fenêtre a été initalisée
16:24:13.140 [Projet3 v0.1] DEBUG main.java.model.Configuration - recuperation des clés/values dans config.properties : true 10 10 6 6 6
16:24:13.176 [Projet3 v0.1] DEBUG main.java.view.MainFrame - Le contenu de la fenêtre a été initalisée
16:24:16.190 [Projet3 v0.1] DEBUG main.java.view.MainFrame - configuration : Configuration [tourPlusMoins=10, tourMast=10, combiPlusMoins=6, combiMast=6, couleurMast=6, devMod=true, devModEnJeu=false]
16:24:18.686 [Projet3 v0.1] INFO  main.java.view.PopUpCfg - cliqué sur ok 
16:24:18.694 [Projet3 v0.1] DEBUG main.java.view.MainFrame - configuration : Configuration [tourPlusMoins=10, tourMast=10, combiPlusMoins=6, combiMast=6, couleurMast=6, devMod=true, devModEnJeu=true]
16:24:29.086 [Projet3 v0.1] DEBUG main.java.model.Configuration - recuperation des clés/values dans config.properties : true 10 10 6 6 6
16:24:29.118 [Projet3 v0.1] DEBUG main.java.view.MainFrame - Le contenu de la fenêtre a été initalisée
16:24:31.027 [Projet3 v0.1] DEBUG main.java.view.MainFrame - configuration : Configuration [tourPlusMoins=10, tourMast=10, combiPlusMoins=6, combiMast=6, couleurMast=6, devMod=true, devModEnJeu=false]
16:24:33.815 [Projet3 v0.1] INFO  main.java.view.PopUpCfg - cliqué sur ok 
16:24:33.822 [Projet3 v0.1] DEBUG main.java.view.MainFrame - configuration : Configuration [tourPlusMoins=10, tourMast=10, combiPlusMoins=6, combiMast=6, couleurMast=6, devMod=true, devModEnJeu=false]
16:25:27.683 [Projet3 v0.1] DEBUG main.java.model.Configuration - recuperation des clés/values dans config.properties : true 10 10 6 6 6
16:25:27.720 [Projet3 v0.1] DEBUG main.java.view.MainFrame - Le contenu de la fenêtre a été initalisée
16:25:52.289 [Projet3 v0.1] DEBUG main.java.model.Configuration - recuperation des clés/values dans config.properties : true 10 10 6 6 6
16:25:52.323 [Projet3 v0.1] DEBUG main.java.view.MainFrame - Le contenu de la fenêtre a été initalisée
16:26:16.712 [Projet3 v0.1] DEBUG main.java.view.MainFrame - configuration : Configuration [tourPlusMoins=10, tourMast=10, combiPlusMoins=6, combiMast=6, couleurMast=6, devMod=true, devModEnJeu=false]
16:26:20.229 [Projet3 v0.1] INFO  main.java.view.PopUpCfg - cliqué sur ok 
16:26:20.235 [Projet3 v0.1] DEBUG main.java.view.MainFrame - configuration : Configuration [tourPlusMoins=10, tourMast=10, combiPlusMoins=6, combiMast=6, couleurMast=6, devMod=true, devModEnJeu=true]
16:34:29.855 [Projet3 v0.1] DEBUG main.java.model.Configuration - recuperation des clés/values dans config.properties : true 10 10 6 6 6
16:34:29.895 [Projet3 v0.1] DEBUG main.java.view.MainFrame - Le contenu de la fenêtre a été initalisée
16:36:31.220 [Projet3 v0.1] DEBUG main.java.model.Configuration - recuperation des clés/values dans config.properties : true 10 10 6 6 6
16:36:31.255 [Projet3 v0.1] DEBUG main.java.view.MainFrame - Le contenu de la fenêtre a été initalisée
18:23:48.172 [Projet3 v0.1] DEBUG main.java.model.Configuration - recuperation des clés/values dans config.properties : true 10 10 6 6 6
18:23:48.214 [Projet3 v0.1] DEBUG main.java.view.MainFrame - Le contenu de la fenêtre a été initalisée
18:23:56.365 [Projet3 v0.1] DEBUG test.ModelGamePanel -       
18:24:12.253 [Projet3 v0.1] DEBUG test.ModelGamePanel -       
19:34:46.804 [Projet3 v0.1] DEBUG main.java.model.Configuration - recuperation des clés/values dans config.properties : true 10 10 6 6 6
19:34:46.844 [Projet3 v0.1] DEBUG main.java.view.MainFrame - Le contenu de la fenêtre a été initalisée
19:34:49.847 [Projet3 v0.1] DEBUG main.java.view.MainFrame - configuration : Configuration [tourPlusMoins=10, tourMast=10, combiPlusMoins=6, combiMast=6, couleurMast=6, devMod=true, devModEnJeu=false]
19:35:14.605 [Projet3 v0.1] INFO  main.java.view.PopUpCfg - cliqué sur ok 
19:35:14.612 [Projet3 v0.1] DEBUG main.java.view.MainFrame - configuration : Configuration [tourPlusMoins=14, tourMast=15, combiPlusMoins=6, combiMast=6, couleurMast=6, devMod=true, devModEnJeu=false]
19:38:05.283 [Projet3 v0.1] DEBUG main.java.model.Configuration - recuperation des clés/values dans config.properties : true 10 10 6 6 6
19:38:05.330 [Projet3 v0.1] DEBUG main.java.view.MainFrame - Le contenu de la fenêtre a été initalisée
19:38:35.124 [Projet3 v0.1] DEBUG test.ModelGamePanel - 123543
19:49:09.467 [Projet3 v0.1] DEBUG main.java.model.Configuration - recuperation des clés/values dans config.properties : true 10 10 6 6 6
19:49:09.508 [Projet3 v0.1] DEBUG main.java.view.MainFrame - Le contenu de la fenêtre a été initalisée
19:55:29.333 [Projet3 v0.1] DEBUG main.java.model.Configuration - recuperation des clés/values dans config.properties : true 10 10 6 6 6
19:55:29.375 [Projet3 v0.1] DEBUG main.java.view.MainFrame - Le contenu de la fenêtre a été initalisée
19:55:43.657 [Projet3 v0.1] DEBUG main.java.view.MainFrame - configuration : Configuration [tourPlusMoins=10, tourMast=10, combiPlusMoins=6, combiMast=6, couleurMast=6, devMod=true, devModEnJeu=false]
19:55:45.534 [Projet3 v0.1] INFO  main.java.view.PopUpCfg - cliqué sur ok 
19:55:45.539 [Projet3 v0.1] DEBUG main.java.view.MainFrame - configuration : Configuration [tourPlusMoins=10, tourMast=10, combiPlusMoins=6, combiMast=6, couleurMast=6, devMod=true, devModEnJeu=true]
